0x2e,0xc0,0x10,0x54,0x02,0x53,0x70,0x0c,0x9c,0xc1,0x37,0x00,0x07,0xe1,0x40,0x1c,
0x8c,0x03,0x72,0x50,0x0e,0xcc,0xc1,0x39,0x40,0x07,0xe9,0x60,0x21,0x78,0x84,0x99,
0x20,0x14,0xc8,0x82,0x5e,0x68,0x0c,0xa0,0xe1,0x36,0xbc,0x87,0x00,0x01,0x02,0x00,
0x00,0x20,0x00,0x00,0x00,0x02,0x02,0x00,0x20,0x20,0x00,0x00,0x02,0x02,0x00,0x20,
0x90,0x00,0x00,0x02,0x89,0x01,0x20,0x90,0x18,0x00,0x02,0x86,0x01,0xa0,0x20,0x20,
0x00,0x0a,0x02,0x02,0xa0,0x90,0x20,0x00,0x0a,0x09,0x05,0xa0,0x90,0x50,0x00,0x0a,
0x86,0x05,0x20,0x20,0x60,0x00,0x02,0x02,0x02,0x20,0x90,0x00,0x00,0x02,0x09,0x00,
0x20,0x90,0x00,0x00,0x02,0x09,0x00,0x80,0x00,0x00,0x00,0x08,0x00,0x00,0x80,0x00,
0x00,0x00,0x08,0x00,0x00,0x00,0x08,0xee,0x09,0x01,0x0b,0x19,0x08,0xff,0x07,0x02,
0x01,0x80,0x04,0x01,0x00,0x09,0x03,0x08,0xff,0x07,0x01,0x09,0x02,0x01,0x7e,0x0b,
0x31,0x05,0xa0,0x02,0xf0,0x00,0x08,0x7e,0x01,0x42,0x09,0x00,0x01,0x46,0x01,0x80,
0x0b,0x25,0x07,0x02,0x02,0x04,0x0b,0x31,0x07,0x02,0x0b,0x25,0x00,0x00,0x07,0x02,
0x02,0x00,0x07,0x16,0x0a,0x32,0x00,0x08,0x00,0x07,0x01,0x04,0x01,0x00,0x09,0x03,
0x08,0xfe,0x05,0xe0,0x02,0xf0,0x02,0xe0,0x07,0x01,0x02,0xd0,0x05,0x03,0x00,0x00,
0x00,0x00,0x00,0x00,0x00,0x00,0x00,0x00,0x00,0xeb,0x04,0x96,0x0a,0xac,0x13,0x58,
0x2a,0x30,0x50,0x00,0x53,0xc5,0x3a,0x81,0x81,0x02,0x63,0x05,0x06,0x0a,0x8c,0x15,
0xc0,0x56,0x31,0x55,0x60,0xa9,0xc0,0x3a,0x81,0x6d,0x02,0xcb,0x08,0x00,0x00,0x58,
0x46,0x00,0x00,0xc0,0x32,0x02,0x00,0x00,0x96,0x11,0x00,0x6b,0x08,0x00,0xab,0x0d,
0x80,0xd5,0x06,0xc0,0x58,0x03,0x00,0x00,0x56,0x1a,0x00,0x00,0x30,0xd7,0x00,0x18,
0x6b,0x00,0x00,0xcf,0x90,0xb8,0x03,0x00,0x00,0x00,0x00,0x00,0x00,0x00,0x00,0x00,
0x00,0x00,0xdb,0x04,0x76,0x0a,0x6c,0x13,0xd8,0x29,0x30,0x50,0x00,0x4b,0xc5,0x3a,
0x81,0x79,0x02,0x4b,0x05,0xe6,0x09,0x2c,0x15,0xc0,0x54,0xb1,0x54,0x60,0xa7,0xc0,
0x36,0x81,0x9d,0x02,0xcb,0x08,0x00,0x00,0x58,0x46,0x00,0xcc,0x23,0x00,0x96,0x11,
0x00,0x00,0xb0,0x8c,0x00,0x58,0x4a,0xb0,0x94,0x00,0x23,0x0e,0x80,0x05,0x07,0x00,
0x00,0x00,0xc0,0x7e,0x03,0x60,0xbd,0x01,0x30,0xde,0x00,0x00,0x00,0xc3,0x0d,0x00,
0x00,0x98,0x6e,0x00,0x00,0xab,0x0d,0x1e,0x1c,0xf9,0x07,0x00,0x00,0x00,0x00,0x00,
0xcb,0x08,0x80,0xa9,0x0a,0xc0,0x32,0x02,0x00,0x00,0x96,0x11,0x00,0x53,0x15,0x80,
0x65,0x04,0xc0,0x54,0x85,0xa9,0x0a,0x4b,0xcd,0x6a,0xb3,0xd4,0xac,0x36,0xab,0xcd,
0x52,0xb3,0xda,0x2c,0x35,0xab,0xcd,0x52,0xb3,0xda,0x2c,0x35,0xab,0xcd,0x52,0xb3,
0xda,0x2c,0x35,0x63,0xcd,0x70,0x33,0xd6,0x0c,0x37,0x63,0xcd,0x70,0x33,0xd6,0x0c,
0x37,0x63,0xcd,0x56,0xb3,0xdb,0x6c,0x35,0xbb,0xcd,0x56,0xb3,0xdb,0x6c,0x35,0x8b,
0x0d,0x00,0x00,0x00,0x00,0x00,0x18,0x6c,0x00,0xcc,0x35,0x00,0x06,0x1b,0x00,0x00,
0x00,0x4b,0x0d,0x00,0x00,0x00,0x00,0x00,0xa0,0xf8,0x03,0x00,0x00,0x00,0x00,
