0x34,0x80,0x0d,0xe4,0x01,0x41,0x30,0x09,0x34,0x41,0x2c,0xd0,0x05,0xc3,0x80,0x18,
0x14,0x03,0x63,0x70,0x0c,0x90,0x41,0x32,0x50,0x06,0xcb,0xe0,0x1b,0xcc,0x83,0x83,
0xb0,0x11,0x5e,0x42,0x51,0xd8,0x0a,0x6f,0x61,0x30,0x5c,0x86,0xd5,0x40,0x1c,0xbc,
0xc3,0x7d,0x80,0x10,0x02,0x08,0x06,0x40,0x90,0x60,0x00,0x06,0x08,0x06,0x80,0x90,
0x60,0x00,0x0a,0x08,0x06,0xc0,0xb0,0x60,0x00,0x0a,0x08,0x06,0xe0,0xa0,0x68,0x40,
0x02,0x08,0x86,0x43,0x90,0x60,0x00,0x06,0x08,0xc6,0x83,0x90,0x60,0x00,0x0a,0x08,
0x86,0xc3,0xb0,0x60,0x00,0x0a,0x08,0x86,0xe3,0xa0,0x68,0x40,0x09,0x02,0x08,0xa0,
0x01,0x80,0x0b,0x19,0x07,0x04,0x02,0xe8,0x00,0x09,0x00,0x08,0xff,0x0b,0x25,0x02,
0xf0,0x00,0x09,0x03,0x08,0xff,0x07,0x01,0x09,0x02,0x01,0x90,0x0b,0x31,0x05,0xa0,
0x02,0xf0,0x00,0x09,0x03,0x08,0x80,0x02,0xe0,0x00,0x09,0x03,0x08,0xff,0x07,0x01,
0x09,0x02,0x01,0x90,0x0b,0x31,0x05,0xa0,0x07,0x02,0x09,0x03,0x08,0x80,0x02,0xf0,
0x00,0x09,0x01,0x08,0x60,0x0b,0x31,0x02,0xf8,0x00,0x09,0x01,0x08,0xc0,0x0b,0x31,
0x02,0xf0,0x00,0x00,0x00,0x00,0x00,0x00,0x00,0x00,0x00,0xeb,0x04,0x80,0xa4,0x00,
0xa4,0x03,0x20,0x29,0x00,0xe9,0x00,0x48,0x0a,0x40,0x3a,0x00,0x92,0x02,0x00,0xeb,
0x04,0x80,0xa4,0x00,0xa4,0x03,0x20,0x29,0x00,0xe9,0x00,0x48,0x0a,0x40,0x3e,0x00,
0xb2,0x02,0x00,0x03,0x05,0x80,0xb0,0x00,0x04,0x04,0x20,0x2c,0x00,0x01,0x01,0x08,
0x0b,0x40,0x40,0x00,0xc2,0x02,0x00,0x03,0x05,0x80,0xb0,0x00,0x04,0x04,0x20,0x2c,
0x00,0x01,0x01,0x08,0x0b,0x40,0x44,0x00,0xe2,0x02,0x00,0x23,0x05,0x80,0xc0,0x00,
0x84,0x04,0x20,0x30,0x00,0x21,0x01,0x08,0x0c,0x40,0x48,0x00,0x02,0x03,0x00,0x23,
0x05,0x80,0xc0,0x00,0x84,0x04,0x20,0x30,0x00,0x21,0x01,0x08,0x09,0x81,0x21,0x22,
0x00,0x71,0x21,0x22,0x00,0x23,0x05,0x80,0xc0,0x00,0x84,0x04,0x20,0x30,0x00,0xd9,
0x00,0xc8,0x09,0x40,0x36,0xc8,0x06,0x39,0x21,0x27,0x00,0xab,0x09,0x80,0xc0,0x00,
0x64,0x06,0x20,0x35,0x00,0xa9,0x01,0x08,0x0c,0x40,0x66,0x00,0x52,0x03,0x00,0xab,
0x09,0x80,0xc0,0x00,0x64,0x06,0x20,0x35,0x00,0xa9,0x01,0x08,0x0e,0x40,0x6e,0x00,
0x52,0x03,0x00,0xab,0x09,0x80,0xc0,0x00,0x64,0x06,0x20,0x30,0x00,0xc1,0x01,0xc8,
0x0d,0x40,0x6a,0x00,0x32,0x03,0x00,0xab,0x09,0x80,0xc0,0x00,0x64,0x06,0x20,0x35,
0x00,0xa9,0x01,0x08,0x0c,0x40,0x66,0x00,0x02,0x03,0x00,0xcb,0x0c,0x80,0x95,0x08,
0x29,0x61,0x99,0x02,0xb0,0x12,0x01,0x58,0x66,0xb0,0x12,0x21,0x25,0x00,0xcb,0x14,
0x80,0x95,0x08,0x00,0xcb,0x0c,0x80,0x95,0x08,0x29,0x61,0x99,0x02,0xb0,0x12,0x01,
0x58,0x66,0x90,0x0c,0x80,0x64,0xb0,0x4c,0x21,0x19,0x2c,0x33,0x00,0x00,0x83,0x1d,
0x80,0xc1,0x0c,0x4b,0x1d,0x80,0x9c,0x90,0x14,0x76,0x32,0x0c,0x76,0x00,0x06,0x33,
0x2c,0x75,0x00,0x96,0x32,0x00,0x00,0x63,0x1d,0x80,0xb1,0x0c,0x73,0x1d,0x80,0xc4,
0x10,0x18,0x76,0x32,0x8c,0x75,0x00,0x06,0x33,0xcc,0x75,0x00,0xe6,0x32,0x00,0x00,
0x00,0x00,0x00,0x00,0x30,0xd8,0x01,0x88,0x0b,0x40,0x58,0x00,0x72,0x42,0x52,0x58,
0xca,0x00,
