0x2b,0x60,0x10,0x48,0x82,0x51,0x40,0x0c,0x96,0x01,0x37,0xe8,0x06,0xde,0xe0,0x1b,
0x80,0x83,0x70,0x20,0x0e,0xc6,0x01,0x39,0x28,0x07,0xe6,0x20,0x20,0x48,0x04,0x92,
0x30,0x13,0x9c,0x42,0x58,0xb8,0x0b,0xa0,0x01,0x36,0x00,0x02,0x00,0x00,0x20,0x00,
0x00,0x00,0x02,0x02,0x00,0x20,0x20,0x00,0x00,0x02,0x02,0x00,0x20,0x70,0x00,0x00,
0x02,0x87,0x01,0x20,0x70,0x18,0x00,0x02,0x86,0x01,0xa0,0x20,0x20,0x00,0x0a,0x02,
0x02,0xa0,0x70,0x20,0x00,0x0a,0x07,0x04,0xa0,0x70,0x40,0x00,0x0a,0x86,0x04,0x20,
0x20,0x50,0x00,0x02,0x02,0x02,0x20,0x70,0x00,0x00,0x02,0x07,0x00,0x20,0x70,0x00,
0x00,0x02,0x07,0x00,0x80,0x00,0x00,0x00,0x08,0x00,0x00,0x80,0x00,0x00,0x00,0x08,
0x00,0x00,0x00,0x08,0xee,0x09,0x01,0x0b,0x19,0x08,0xff,0x07,0x02,0x01,0x80,0x04,
0x01,0x00,0x09,0x03,0x08,0xff,0x07,0x01,0x09,0x02,0x01,0x7e,0x0b,0x31,0x05,0xa0,
0x02,0xf0,0x00,0x08,0x7e,0x01,0x42,0x09,0x00,0x01,0x46,0x01,0x80,0x0b,0x25,0x07,
0x02,0x02,0x04,0x0b,0x31,0x07,0x02,0x0b,0x25,0x00,0x00,0x07,0x02,0x02,0x00,0x07,
0x16,0x0a,0x32,0x00,0x08,0x00,0x07,0x01,0x04,0x01,0x00,0x09,0x03,0x08,0xfe,0x05,
0xe0,0x02,0xf0,0x02,0xe0,0x07,0x01,0x02,0xd0,0x05,0x03,0x00,0x00,0x00,0x00,0x00,
0x00,0x00,0x00,0x00,0x00,0x00,0xeb,0x04,0x92,0x42,0x3a,0x48,0x0a,0x01,0x01,0x51,
0xa5,0x83,0x80,0x10,0x16,0x02,0x42,0x58,0x40,0x56,0x51,0x21,0x29,0xa4,0x83,0x6c,
0x00,0xcb,0x08,0x00,0x00,0x48,0x06,0x00,0x00,0x24,0x03,0x00,0x00,0x92,0x01,0x90,
0x06,0x00,0xab,0x0d,0x80,0xd4,0x00,0x84,0x05,0x00,0x00,0x52,0x02,0x00,0x00,0x71,
0x01,0x08,0x0b,0x00,0xcf,0x90,0xb8,0x03,0x00,0x00,0x00,0x00,0x00,0x00,0x00,0x00,
0x00,0x00,0x00,0xdb,0x04,0x72,0x42,0x36,0xc8,0x09,0x01,0x01,0x49,0xa5,0x83,0x78,
0x90,0x14,0xe2,0x41,0x52,0x40,0x54,0x49,0x21,0x27,0x64,0x83,0x9c,0x00,0xcb,0x08,
0x00,0x00,0x48,0x06,0x40,0x3c,0x00,0x92,0x01,0x00,0x00,0xc9,0x00,0x48,0x0a,0x49,
0x01,0xcb,0x08,0x80,0xa9,0x0a,0xc0,0x32,0x02,0x00,0x00,0x92,0x01,0x30,0x55,0x01,
0x58,0x46,0x00,0x4c,0x55,0x88,0x0a,0x4b,0x4d,0x6a,0x49,0xa5,0x96,0x5a,0x52,0xa9,
0x25,0x95,0x5a,0x52,0xa9,0x25,0x95,0x5a,0x52,0xa9,0x25,0x15,0x56,0x70,0x61,0x05,
0x17,0x56,0x70,0x61,0x05,0x17,0x56,0x56,0xb9,0x65,0x95,0x5b,0x56,0xb9,0x65,0x05,
0x8b,0x0d,0x00,0x00,0x00,0x00,0x00,0x08,0x0c,0x40,0x5c,0x00,0x02,0x03,0x00,0x00,
0x4b,0x0d,0x00,0x00,0x00,0x00,0x00,0xa0,0xf8,0x03,0x00,0x00,0x00,0x00,
